<?xml version="1.0" encoding="utf-8"?><testsuites><testsuite name="pytest" errors="0" failures="0" skipped="0" tests="60" time="6.561" timestamp="2026-09-09T19:50:19.247628+08:00" hostname="DESKTOP-TE510QO"><testcase classname="tests.test_validate_suite_junit" name="test_executed_suite_passes" time="0.021" /><testcase classname="tests.test_validate_suite_junit" name="test_incomplete_or_failed_evidence_is_rejected[&lt;testsuites/&gt;]" time="0.015" /><testcase classname="tests.test_validate_suite_junit" name="test_incomplete_or_failed_evidence_is_rejected[&lt;testsuite tests=&quot;0&quot;/&gt;]" time="0.019" /><testcase classname="tests.test_validate_suite_junit" name="test_incomplete_or_failed_evidence_is_rejected[&lt;testsuite tests=&quot;2&quot;&gt;&lt;testcase/&gt;&lt;/testsuite&gt;]" time="0.082" /><testcase classname="tests.test_validate_suite_junit" name="test_incomplete_or_failed_evidence_is_rejected[&lt;testsuite tests=&quot;1&quot; skipped=&quot;1&quot;&gt;&lt;testcase/&gt;&lt;/testsuite&gt;]" time="0.095" /><testcase classname="tests.test_validate_suite_junit" name="test_incomplete_or_failed_evidence_is_rejected[&lt;testsuite tests=&quot;1&quot;&gt;&lt;testcase&gt;&lt;skipped/&gt;&lt;/testcase&gt;&lt;/testsuite&gt;]" time="0.100" /><testcase classname="tests.test_validate_suite_junit" name="test_incomplete_or_failed_evidence_is_rejected[&lt;testsuite tests=&quot;1&quot;&gt;&lt;testcase&gt;&lt;failure/&gt;&lt;/testcase&gt;&lt;/testsuite&gt;]" time="0.029" /><testcase classname="tests.test_validate_suite_junit" name="test_incomplete_or_failed_evidence_is_rejected[&lt;testsuite tests=&quot;1&quot;&gt;&lt;testcase&gt;&lt;error/&gt;&lt;/testcase&gt;&lt;/testsuite&gt;]" time="0.023" /><testcase classname="tests.test_railway_release_source_gate" name="test_complete_exact_source_receipt_passes" time="0.003" /><testcase classname="tests.test_railway_release_source_gate" name="test_release_rejects_missing_postgres_or_runner_step[Apply database migrations]" time="0.003" /><testcase classname="tests.test_railway_release_source_gate" name="test_release_rejects_missing_postgres_or_runner_step[Mark PostgreSQL as a disposable test environment]" time="0.003" /><testcase classname="tests.test_railway_release_source_gate" name="test_release_rejects_missing_postgres_or_runner_step[Qualify disposable Linux PostgreSQL and Redis runner]" time="0.003" /><testcase classname="tests.test_railway_release_source_gate" name="test_release_rejects_missing_postgres_or_runner_step[Require executed S03 PostgreSQL acceptance]" time="0.003" /><testcase classname="tests.test_railway_release_source_gate" name="test_release_rejects_missing_postgres_or_runner_step[Require separate S03 consumer and owner PostgreSQL acceptance]" time="0.002" /><testcase classname="tests.test_railway_release_source_gate" name="test_release_rejects_missing_postgres_or_runner_step[Require separate S03 producer and relay PostgreSQL acceptance]" time="0.006" /><testcase classname="tests.test_railway_release_source_gate" name="test_release_rejects_missing_postgres_or_runner_step[Require separate candidate capacity and TEST_ONLY transaction PostgreSQL acceptance]" time="0.003" /><testcase classname="tests.test_railway_release_source_gate" name="test_release_rejects_missing_postgres_or_runner_step[Require supported PostgreSQL upgrade with existing data]" time="0.003" /><testcase classname="tests.test_railway_release_source_gate" name="test_release_rejects_missing_postgres_or_runner_step[Require uninstrumented latency budgets]" time="0.003" /><testcase classname="tests.test_railway_release_source_gate" name="test_release_rejects_missing_postgres_or_runner_step[Run pytest with coverage]" time="0.005" /><testcase classname="tests.test_railway_release_source_gate" name="test_source_a_ci_cannot_deploy_source_b[release_sha]" time="0.003" /><testcase classname="tests.test_railway_release_source_gate" name="test_source_a_ci_cannot_deploy_source_b[checkout_sha]" time="0.003" /><testcase classname="tests.test_railway_release_source_gate" name="test_source_a_ci_cannot_deploy_source_b[remote_main_sha]" time="0.002" /><testcase classname="tests.test_railway_release_source_gate" name="test_untrusted_or_incomplete_run_rejected[id-43]" time="0.003" /><testcase classname="tests.test_railway_release_source_gate" name="test_untrusted_or_incomplete_run_rejected[workflow_id-10]" time="0.003" /><testcase classname="tests.test_railway_release_source_gate" name="test_untrusted_or_incomplete_run_rejected[path-.github/workflows/spoof.yml]" time="0.003" /><testcase classname="tests.test_railway_release_source_gate" name="test_untrusted_or_incomplete_run_rejected[head_sha-bbbbbbbbbbbbbbbbbbbbbbbbbbbbbbbbbbbbbbbb]" time="0.003" /><testcase classname="tests.test_railway_release_source_gate" name="test_untrusted_or_incomplete_run_rejected[head_branch-feature]" time="0.003" /><testcase classname="tests.test_railway_release_source_gate" name="test_untrusted_or_incomplete_run_rejected[repository-value5]" time="0.003" /><testcase classname="tests.test_railway_release_source_gate" name="test_untrusted_or_incomplete_run_rejected[head_repository-value6]" time="0.008" /><testcase classname="tests.test_railway_release_source_gate" name="test_untrusted_or_incomplete_run_rejected[event-pull_request]" time="0.003" /><testcase classname="tests.test_railway_release_source_gate" name="test_untrusted_or_incomplete_run_rejected[event-pull_request_target]" time="0.004" /><testcase classname="tests.test_railway_release_source_gate" name="test_untrusted_or_incomplete_run_rejected[status-queued]" time="0.003" /><testcase classname="tests.test_railway_release_source_gate" name="test_untrusted_or_incomplete_run_rejected[conclusion-failure]" time="0.003" /><testcase classname="tests.test_railway_release_source_gate" name="test_untrusted_or_incomplete_run_rejected[conclusion-skipped]" time="0.003" /><testcase classname="tests.test_railway_release_source_gate" name="test_untrusted_or_incomplete_run_rejected[run_attempt-None]" time="0.003" /><testcase classname="tests.test_railway_release_source_gate" name="test_skipped_missing_runner_or_wrong_job_rejected[head_sha-bbbbbbbbbbbbbbbbbbbbbbbbbbbbbbbbbbbbbbbb]" time="0.003" /><testcase classname="tests.test_railway_release_source_gate" name="test_skipped_missing_runner_or_wrong_job_rejected[run_id-43]" time="0.002" /><testcase classname="tests.test_railway_release_source_gate" name="test_skipped_missing_runner_or_wrong_job_rejected[run_attempt-2]" time="0.003" /><testcase classname="tests.test_railway_release_source_gate" name="test_skipped_missing_runner_or_wrong_job_rejected[status-queued]" time="0.002" /><testcase classname="tests.test_railway_release_source_gate" name="test_skipped_missing_runner_or_wrong_job_rejected[conclusion-skipped]" time="0.004" /><testcase classname="tests.test_railway_release_source_gate" name="test_skipped_missing_runner_or_wrong_job_rejected[conclusion-failure]" time="0.003" /><testcase classname="tests.test_railway_release_source_gate" name="test_skipped_missing_runner_or_wrong_job_rejected[runner_id-0]" time="0.003" /><testcase classname="tests.test_railway_release_source_gate" name="test_skipped_missing_runner_or_wrong_job_rejected[runner_id-None]" time="0.003" /><testcase classname="tests.test_railway_release_source_gate" name="test_skipped_missing_runner_or_wrong_job_rejected[steps-value8]" time="0.003" /><testcase classname="tests.test_railway_release_source_gate" name="test_failed_step_cannot_hide_behind_successful_job[failure]" time="0.002" /><testcase classname="tests.test_railway_release_source_gate" name="test_failed_step_cannot_hide_behind_successful_job[skipped]" time="0.002" /><testcase classname="tests.test_railway_release_source_gate" name="test_failed_step_cannot_hide_behind_successful_job[cancelled]" time="0.003" /><testcase classname="tests.test_railway_release_source_gate" name="test_failed_step_cannot_hide_behind_successful_job[None]" time="0.004" /><testcase classname="tests.test_railway_release_source_gate" name="test_required_evidence_cannot_be_removed[missing_job]" time="0.004" /><testcase classname="tests.test_railway_release_source_gate" name="test_required_evidence_cannot_be_removed[duplicate_job]" time="0.003" /><testcase classname="tests.test_railway_release_source_gate" name="test_required_evidence_cannot_be_removed[missing_migration]" time="0.005" /><testcase classname="tests.test_railway_release_source_gate" name="test_required_evidence_cannot_be_removed[wrong_workflow]" time="0.002" /><testcase classname="tests.test_railway_release_source_gate" name="test_required_evidence_cannot_be_removed[disabled_ci]" time="0.003" /><testcase classname="tests.test_railway_release_source_gate" name="test_manual_dispatch_requires_explicit_sha_and_run_id" time="0.013" /><testcase classname="tests.test_railway_release_source_gate" name="test_cli_event_binding_and_rerun_race[False-workflow_dispatch]" time="0.033" /><testcase classname="tests.test_railway_release_source_gate" name="test_cli_event_binding_and_rerun_race[False-workflow_run]" time="0.025" /><testcase classname="tests.test_railway_release_source_gate" name="test_cli_event_binding_and_rerun_race[True-workflow_dispatch]" time="0.016" /><testcase classname="tests.test_railway_release_source_gate" name="test_cli_event_binding_and_rerun_race[True-workflow_run]" time="0.017" /><testcase classname="tests.test_railway_release_source_gate" name="test_real_cli_rejects_before_provider_when_dispatch_missing_evidence" time="1.022" /><testcase classname="tests.test_railway_release_source_gate" name="test_workflow_binds_checkout_and_never_swallows_provider_failure" time="0.004" /></testsuite></testsuites>